component-baselib/build/outputs/logs/manifest-merger-debug-report.txt
-- Merging decision tree log ---
manifest
ADDED from src/main/AndroidManifest.xml:1:1-90:12
INJECTED from src/main/AndroidManifest.xml:1:1-90:12
INJECTED from src/main/AndroidManifest.xml:1:1-90:12
INJECTED from src/main/AndroidManifest.xml:1:1-90:12
INJECTED from src/main/AndroidManifest.xml:1:1-90:12
INJECTED from src/main/AndroidManifest.xml:1:1-90:12
INJECTED from src/main/AndroidManifest.xml:1:1-90:12
	package
		ADDED from src/main/AndroidManifest.xml:1:11-38
		INJECTED from src/main/AndroidManifest.xml
		INJECTED from src/main/AndroidManifest.xml
	android:versionName
		INJECTED from src/main/AndroidManifest.xml
		ADDED from src/main/AndroidManifest.xml:1:1-90:12
		INJECTED from src/main/AndroidManifest.xml
	xmlns:tools
		ADDED from src/main/AndroidManifest.xml:3:11-57
	android:versionCode
		INJECTED from src/main/AndroidManifest.xml
		ADDED from src/main/AndroidManifest.xml:1:1-90:12
		INJECTED from src/main/AndroidManifest.xml
	xmlns:android
		ADDED from src/main/AndroidManifest.xml:2:11-69
uses-permission#android.permission.CAMERA
ADDED from src/main/AndroidManifest.xml:5:5-64
	android:name
		ADDED from src/main/AndroidManifest.xml:5:22-62
uses-permission#android.permission.ACCESS_FINE_LOCATION
ADDED from src/main/AndroidManifest.xml:7:5-78
	android:name
		ADDED from src/main/AndroidManifest.xml:7:22-76
uses-permission#android.permission.ACCESS_COARSE_LOCATION
ADDED from src/main/AndroidManifest.xml:9:5-80
	android:name
		ADDED from src/main/AndroidManifest.xml:9:22-78
uses-permission#android.permission.FLASHLIGHT
ADDED from src/main/AndroidManifest.xml:10:5-68
	android:name
		ADDED from src/main/AndroidManifest.xml:10:22-66
uses-permission#android.permission.INTERNET
ADDED from src/main/AndroidManifest.xml:13:5-66
	android:name
		ADDED from src/main/AndroidManifest.xml:13:22-64
uses-permission#android.permission.ACCESS_NETWORK_STATE
ADDED from src/main/AndroidManifest.xml:14:5-78
	android:name
		ADDED from src/main/AndroidManifest.xml:14:22-76
uses-permission#android.permission.ACCESS_WIFI_STATE
ADDED from src/main/AndroidManifest.xml:15:5-75
	android:name
		ADDED from src/main/AndroidManifest.xml:15:22-73
uses-permission#android.permission.BLUETOOTH_ADMIN
ADDED from src/main/AndroidManifest.xml:16:5-73
	android:name
		ADDED from src/main/AndroidManifest.xml:16:22-71
uses-permission#android.permission.KILL_BACKGROUND_PROCESSES
ADDED from src/main/AndroidManifest.xml:19:5-83
	android:name
		ADDED from src/main/AndroidManifest.xml:19:22-81
uses-permission#android.permission.READ_PHONE_STATE
ADDED from src/main/AndroidManifest.xml:20:5-74
	android:name
		ADDED from src/main/AndroidManifest.xml:20:22-72
uses-permission#android.permission.RESTART_PACKAGES
ADDED from src/main/AndroidManifest.xml:21:5-74
	android:name
		ADDED from src/main/AndroidManifest.xml:21:22-72
uses-permission#android.permission.CHANGE_CONFIGURATION
ADDED from src/main/AndroidManifest.xml:22:5-78
	android:name
		ADDED from src/main/AndroidManifest.xml:22:22-76
uses-permission#android.permission.VIBRATE
ADDED from src/main/AndroidManifest.xml:25:5-65
	android:name
		ADDED from src/main/AndroidManifest.xml:25:22-63
uses-permission#android.permission.RECORD_AUDIO
ADDED from src/main/AndroidManifest.xml:27:5-70
	android:name
		ADDED from src/main/AndroidManifest.xml:27:22-68
uses-permission#android.permission.CAPTURE_AUDIO_OUTPUT
ADDED from src/main/AndroidManifest.xml:28:5-78
	android:name
		ADDED from src/main/AndroidManifest.xml:28:22-76
uses-permission#android.permission.MODIFY_AUDIO_SETTINGS
ADDED from src/main/AndroidManifest.xml:29:5-79
	android:name
		ADDED from src/main/AndroidManifest.xml:29:22-77
uses-feature#android.hardware.camera
ADDED from src/main/AndroidManifest.xml:31:5-59
	android:name
		ADDED from src/main/AndroidManifest.xml:31:19-57
uses-feature#android.hardware.camera.autofocus
ADDED from src/main/AndroidManifest.xml:32:5-69
	android:name
		ADDED from src/main/AndroidManifest.xml:32:19-67
uses-permission#android.permission.WRITE_EXTERNAL_STORAGE
ADDED from src/main/AndroidManifest.xml:34:5-80
	android:name
		ADDED from src/main/AndroidManifest.xml:34:22-78
uses-permission#android.permission.READ_EXTERNAL_STORAGE
ADDED from src/main/AndroidManifest.xml:35:5-79
	android:name
		ADDED from src/main/AndroidManifest.xml:35:22-77
uses-permission#android.permission.MOUNT_UNMOUNT_FILESYSTEMS
ADDED from src/main/AndroidManifest.xml:36:5-83
	android:name
		ADDED from src/main/AndroidManifest.xml:36:22-81
uses-permission#android.permission.GET_TASKS
ADDED from src/main/AndroidManifest.xml:38:5-67
	android:name
		ADDED from src/main/AndroidManifest.xml:38:22-65
uses-permission#android.permission.BLUETOOTH
ADDED from src/main/AndroidManifest.xml:39:5-67
	android:name
		ADDED from src/main/AndroidManifest.xml:39:22-65
uses-permission#android.permission.GET_ACCOUNTS
ADDED from src/main/AndroidManifest.xml:42:5-70
	android:name
		ADDED from src/main/AndroidManifest.xml:42:22-68
uses-permission#android.permission.READ_PROFILE
ADDED from src/main/AndroidManifest.xml:43:5-70
	android:name
		ADDED from src/main/AndroidManifest.xml:43:22-68
uses-permission#android.permission.READ_SMS
ADDED from src/main/AndroidManifest.xml:44:5-66
	android:name
		ADDED from src/main/AndroidManifest.xml:44:22-64
uses-permission#android.permission.READ_CONTACTS
ADDED from src/main/AndroidManifest.xml:45:5-71
	android:name
		ADDED from src/main/AndroidManifest.xml:45:22-69
uses-permission#android.permission.SYSTEM_ALERT_WINDOW
ADDED from src/main/AndroidManifest.xml:46:5-77
	android:name
		ADDED from src/main/AndroidManifest.xml:46:22-75
uses-permission#android.permission.CALL_PHONE
ADDED from src/main/AndroidManifest.xml:48:5-68
	android:name
		ADDED from src/main/AndroidManifest.xml:48:22-66
uses-permission#android.permission.WAKE_LOCK
ADDED from src/main/AndroidManifest.xml:52:5-67
	android:name
		ADDED from src/main/AndroidManifest.xml:52:22-65
uses-permission#android.permission.REQUEST_IGNORE_BATTERY_OPTIMIZATIONS
ADDED from src/main/AndroidManifest.xml:53:5-94
	android:name
		ADDED from src/main/AndroidManifest.xml:53:22-92
uses-permission#android.permission.NFC
ADDED from src/main/AndroidManifest.xml:56:5-61
	android:name
		ADDED from src/main/AndroidManifest.xml:56:22-59
uses-permission#android.permission.CHANGE_NETWORK_STATE
ADDED from src/main/AndroidManifest.xml:57:5-78
	android:name
		ADDED from src/main/AndroidManifest.xml:57:22-76
uses-permission#android.permission.CHANGE_WIFI_STATE
ADDED from src/main/AndroidManifest.xml:58:5-75
	android:name
		ADDED from src/main/AndroidManifest.xml:58:22-73
uses-feature#android.hardware.location.gps
ADDED from src/main/AndroidManifest.xml:61:5-65
	android:name
		ADDED from src/main/AndroidManifest.xml:61:19-63
uses-feature#android.hardware.location.network
ADDED from src/main/AndroidManifest.xml:62:5-69
	android:name
		ADDED from src/main/AndroidManifest.xml:62:19-67
uses-feature#android.hardware.usb.host
ADDED from src/main/AndroidManifest.xml:64:5-66:34
	android:required
		ADDED from src/main/AndroidManifest.xml:66:9-32
	android:name
		ADDED from src/main/AndroidManifest.xml:65:9-49
uses-feature#android.hardware.nfc
ADDED from src/main/AndroidManifest.xml:67:5-69:34
	android:required
		ADDED from src/main/AndroidManifest.xml:69:9-32
	android:name
		ADDED from src/main/AndroidManifest.xml:68:9-44
application
ADDED from src/main/AndroidManifest.xml:72:5-89:19
	android:supportsRtl
		ADDED from src/main/AndroidManifest.xml:75:9-35
	android:allowBackup
		ADDED from src/main/AndroidManifest.xml:74:9-35
	android:theme
		ADDED from src/main/AndroidManifest.xml:76:9-43
	tools:replace
		ADDED from src/main/AndroidManifest.xml:77:9-38
	android:name
		ADDED from src/main/AndroidManifest.xml:73:9-54
provider#android.support.v4.content.FileProvider
ADDED from src/main/AndroidManifest.xml:80:9-88:20
	android:grantUriPermissions
		ADDED from src/main/AndroidManifest.xml:84:13-47
	android:authorities
		ADDED from src/main/AndroidManifest.xml:82:13-65
	android:exported
		ADDED from src/main/AndroidManifest.xml:83:13-37
	android:name
		ADDED from src/main/AndroidManifest.xml:81:13-67
meta-data#android.support.FILE_PROVIDER_PATHS
ADDED from src/main/AndroidManifest.xml:85:13-87:53
	android:resource
		ADDED from src/main/AndroidManifest.xml:87:17-51
	android:name
		ADDED from src/main/AndroidManifest.xml:86:17-67
uses-sdk
INJECTED from src/main/AndroidManifest.xml reason: use-sdk injection requested
INJECTED from src/main/AndroidManifest.xml
INJECTED from src/main/AndroidManifest.xml
INJECTED from src/main/AndroidManifest.xml
INJECTED from src/main/AndroidManifest.xml
	android:targetSdkVersion
		INJECTED from src/main/AndroidManifest.xml
		ADDED from src/main/AndroidManifest.xml
		INJECTED from src/main/AndroidManifest.xml
	android:minSdkVersion
		INJECTED from src/main/AndroidManifest.xml
		ADDED from src/main/AndroidManifest.xml
		INJECTED from src/main/AndroidManifest.xml